
transformix is started at Fri Oct 14 09:24:04 2022.

which transformix:   transformix
transformix runs at: dbe-bmc-wl13-01
  Linux 4.15.0-142-generic (x64), #146-Ubuntu SMP Tue Apr 13 01:11:19 UTC 2021
  with 145004 MB memory, and 8 cores @ 2322 MHz.
Running transformix with parameter file "./example/elastix2/inverse/TransformParameters.0.txt".

Reading the elastix parameters from file ...

Installing all components.
InstallingComponents was successful.

ELASTIX version: 4.900
Command line options from ElastixBase:
-in       unspecified, so no input image specified
-out      ./example/elastix2/
-threads  unspecified, so all available threads are used
-tp       ./example/elastix2/inverse/TransformParameters.0.txt
-def      ./example/elastix/microct_pts.txt
-jac      unspecified, so no det(dT/dx) computed
-jacmat   unspecified, so no dT/dx computed

=============== start of ParameterFile: ./example/elastix2/inverse/TransformParameters.0.txt ===============
(Transform "BSplineTransform")
(NumberOfParameters 476)
(TransformParameters 0.000000 0.000003 0.000004 0.000001 -0.000001 -0.000003 -0.000006 -0.000006 -0.000004 0.000001 0.000004 0.000005 0.000307 0.007953 0.021626 0.004336 0.000007 0.000002 -0.000003 -0.000019 -0.000012 0.000009 0.000123 0.001197 -0.000766 -0.024195 0.022908 0.004610 -0.014388 0.007619 0.099859 0.280978 0.062132 0.000108 0.000001 -0.000046 -0.000489 -0.007450 0.001022 0.046563 0.063586 0.200812 -0.199883 -0.356888 0.058232 0.475738 0.052822 0.470491 0.338860 0.011043 0.000295 0.001535 0.070638 0.234692 0.039384 -0.132264 0.259319 1.130252 1.437414 -6.125435 -4.773304 -0.242976 4.176802 -0.692513 0.203092 -0.828874 -0.318752 -0.000065 0.019852 0.482079 1.117362 -0.280657 -5.067168 -5.923956 0.453445 1.834738 -6.970769 4.959624 -0.425372 -2.456668 0.213493 -0.455813 -0.409407 -0.051337 0.000473 0.033632 0.730053 -0.296180 -4.695282 -12.805696 -8.037789 -10.475322 -9.078807 -4.220491 5.410676 -2.806296 -9.567310 4.791112 2.837531 1.725317 0.685176 0.010771 0.042294 1.554604 -0.279167 -4.509405 -0.905143 -6.551267 -12.027787 -2.854337 -11.412006 -7.019005 2.144886 1.926089 12.516786 4.955154 3.343232 1.815025 0.029846 -0.056646 -1.762623 -3.601107 -3.861537 2.565998 -2.284520 -4.243602 -0.981724 4.277019 -0.471777 -2.975651 5.676525 4.692542 -1.012112 3.838271 2.349036 0.054568 -0.059763 -0.994955 3.898007 5.551005 1.672095 4.381337 -5.361583 -1.442012 -2.787546 -6.007284 -13.560648 -3.863094 -2.361622 -2.512966 2.476954 1.593977 0.042183 -0.029565 -0.636824 0.746739 8.171605 7.497976 3.010792 6.439779 6.428072 -3.659861 7.032247 -5.209707 -3.201728 -3.092715 -1.951160 -1.130826 -0.503153 -0.001320 -0.023451 -1.119664 -1.182172 4.743537 4.642982 9.144122 5.265494 -3.273217 -4.927611 -0.181234 -0.340072 -0.539411 -1.374491 2.142401 0.778913 -0.329435 0.015761 -0.002901 0.296711 2.583932 1.101901 -2.401512 2.495832 1.789121 0.190508 -0.029361 -0.029151 -0.002208 -0.235017 -0.551565 1.921586 2.361955 0.231185 0.008874 -0.000824 0.205422 1.143937 0.488019 -0.251010 -0.008656 0.024345 0.005305 0.004648 -0.001447 -0.000386 -0.003729 -0.020177 0.001068 0.522815 0.272462 0.004329 -0.000036 0.004867 0.023268 0.006599 0.000309 -0.000018 -0.000009 0.000261 0.000326 0.000018 -0.000015 -0.000027 -0.000028 -0.000339 0.001585 0.001346 0.000024 0.000000 0.000007 0.000016 0.000018 0.000015 0.000006 -0.000008 -0.000015 -0.000032 -0.000031 -0.000004 -0.000003 0.000278 0.000540 -0.001514 -0.000106 0.000011 0.000002 0.000012 0.000007 0.000039 -0.000041 -0.000081 0.000851 0.006262 0.034229 0.014594 -0.024602 -0.070097 -0.046955 -0.030745 -0.052579 -0.003617 0.000121 -0.000001 -0.000047 -0.000508 -0.005639 -0.013070 0.004820 0.071682 0.120082 0.297601 1.187860 -2.954282 -6.038624 -5.188562 -4.812475 -2.625862 -0.279501 -0.000222 0.001749 0.078924 0.291717 0.678462 1.029497 2.167793 1.955069 -0.133796 -7.562341 5.848386 -2.640806 -7.652220 -12.796559 -8.361019 -4.700466 -0.612346 -0.000527 0.008849 0.468876 1.337478 3.898701 7.256506 8.312049 6.816834 4.516313 -6.883521 5.196604 -4.112699 -12.017472 -13.153328 -5.490355 -0.210582 0.099420 0.000141 0.036984 1.752584 3.663785 0.057563 0.535977 -4.168215 -6.147546 -7.693220 -5.494034 -11.606876 -4.191677 3.104967 1.133668 -3.867279 -4.771056 -0.900608 0.001878 0.058705 1.983712 5.501046 -4.375611 -9.711715 -4.847458 -3.859288 -2.348261 -9.819895 -1.467171 7.352866 6.994892 9.452373 -4.875528 -4.898574 0.096344 0.021761 0.053939 2.286333 9.152576 6.782490 -1.845369 6.882217 6.719862 -0.395644 6.625274 11.867310 -4.336838 6.907286 3.422003 -10.434598 -1.805688 1.017322 0.011188 0.005951 -0.488232 -0.502820 -3.058824 -3.456183 -5.876129 -2.936333 -3.076661 4.921834 1.709536 10.328687 6.032629 -1.044757 -3.055970 -3.483200 -2.865511 -0.095380 -0.017566 -1.164829 -3.884139 -5.799678 1.074597 5.651994 10.270834 -2.871789 0.469965 6.138066 9.953753 4.056483 2.419809 3.245300 3.290831 0.067912 -0.035818 -0.002175 0.083938 -0.493136 2.886808 5.728473 5.258595 0.921388 -5.988364 -2.252532 1.071854 1.203110 0.108498 0.670260 1.240450 0.662206 -0.065840 -0.019945 -0.001811 -0.374625 -0.894182 0.075156 -6.486249 -6.223088 -0.661940 0.054783 0.028172 0.049820 0.012468 0.094510 1.349151 2.703259 -1.030995 -2.210914 -0.066824 -0.001674 -0.338627 -0.615668 -0.279016 -0.418990 -0.166842 -0.023672 -0.003316 -0.001397 0.004013 0.000695 0.007245 0.064478 0.123570 -0.736641 -0.752066 -0.021359 -0.000059 -0.014354 -0.031754 0.000996 0.000903 -0.000005 -0.000018 -0.000147 -0.000178 -0.000004 0.000006 0.000000 -0.000019 -0.000734 -0.005651 -0.003727 -0.000089)
(InitialTransformParametersFileName "NoInitialTransform")
(HowToCombineTransforms "Compose")

// Image specific
(FixedImageDimension 2)
(MovingImageDimension 2)
(FixedInternalImagePixelType "float")
(MovingInternalImagePixelType "float")
(Size 851 700)
(Index 0 0)
(Spacing 1.0000000000 1.0000000000)
(Origin 0.0000000000 0.0000000000)
(Direction 1.0000000000 0.0000000000 0.0000000000 1.0000000000)
(UseDirectionCosines "true")

// BSplineTransform specific
(GridSize 17 14)
(GridIndex 0 0)
(GridSpacing 63.8939699244 64.9430502460)
(GridOrigin -86.0859718901 -69.9782916247)
(GridDirection 1.0000000000 0.0000000000 0.0000000000 1.0000000000)
(BSplineTransformSplineOrder 3)
(UseCyclicTransform "false")

// ResampleInterpolator specific
(ResampleInterpolator "FinalBSplineInterpolator")
(FinalBSplineInterpolationOrder 3)

// Resampler specific
(Resampler "DefaultResampler")
(DefaultPixelValue 0.000000)
(ResultImageFormat "mha")
(ResultImagePixelType "short")
(CompressResultImage "false")


=============== end of ParameterFile: ./example/elastix2/inverse/TransformParameters.0.txt ===============

Calling all ReadFromFile()'s ...
  Calling all ReadFromFile()'s took 0.000790 s
Transforming points ...
  The transform is evaluated on some points, specified in the input point file.
  Reading input point file: ./example/elastix/microct_pts.txt
  Input points are specified as image indices.
  Number of specified input points: 46
  The input points are transformed.
  The transformed points are saved in: ./example/elastix2/outputpoints.txt
  Transforming points done, it took 0.00s
Compute determinant of spatial Jacobian ...
  The command-line option "-jac" is not used, so no det(dT/dx) computed.
  Computing determinant of spatial Jacobian done, it took 0.00s
Compute spatial Jacobian (full matrix) ...
  The command-line option "-jacmat" is not used, so no dT/dx computed.
  Computing spatial Jacobian done, it took 0.00s

transformix has finished at Fri Oct 14 09:24:04 2022.
Total time elapsed: 0.0s.

